#! /d/a/fpga-toolchain-build/fpga-toolchain-build/iverilog/_install/bin/vvp
:ivl_version "11.0 (stable)" "(d3b0992)";
:ivl_delay_selection "TYPICAL";
:vpi_time_precision - 12;
:vpi_module "C:\PROGRA~3\CHOCOL~1\lib\iverilog\tools\lib\ivl\system.vpi";
:vpi_module "C:\PROGRA~3\CHOCOL~1\lib\iverilog\tools\lib\ivl\vhdl_sys.vpi";
:vpi_module "C:\PROGRA~3\CHOCOL~1\lib\iverilog\tools\lib\ivl\vhdl_textio.vpi";
:vpi_module "C:\PROGRA~3\CHOCOL~1\lib\iverilog\tools\lib\ivl\v2005_math.vpi";
:vpi_module "C:\PROGRA~3\CHOCOL~1\lib\iverilog\tools\lib\ivl\va_math.vpi";
:vpi_module "C:\PROGRA~3\CHOCOL~1\lib\iverilog\tools\lib\ivl\v2009.vpi";
S_000001cf1ad86700 .scope package, "$unit" "$unit" 2 1;
 .timescale 0 0;
S_000001cf1ad86890 .scope module, "tb_and_gate" "tb_and_gate" 3 3;
 .timescale -9 -12;
v000001cf1ae7ba00_0 .var "a", 0 0;
v000001cf1ae7baa0_0 .var "b", 0 0;
v000001cf1ae7bb40_0 .net "y", 0 0, L_000001cf1ad530c0;  1 drivers
S_000001cf1ad86a20 .scope module, "dut" "and_gate" 3 8, 4 1 0, S_000001cf1ad86890;
 .timescale -9 -12;
    .port_info 0 /INPUT 1 "a";
    .port_info 1 /INPUT 1 "b";
    .port_info 2 /OUTPUT 1 "y";
L_000001cf1ad530c0 .functor AND 1, v000001cf1ae7ba00_0, v000001cf1ae7baa0_0, C4<1>, C4<1>;
v000001cf1ad52f20_0 .net "a", 0 0, v000001cf1ae7ba00_0;  1 drivers
v000001cf1ad52c90_0 .net "b", 0 0, v000001cf1ae7baa0_0;  1 drivers
v000001cf1ae7e610_0 .net "y", 0 0, L_000001cf1ad530c0;  alias, 1 drivers
    .scope S_000001cf1ad86890;
T_0 ;
    %vpi_call/w 3 15 "$dumpfile", "and_gate.vcd" {0 0 0};
    %vpi_call/w 3 16 "$dumpvars", 32'sb00000000000000000000000000000000, S_000001cf1ad86890 {0 0 0};
    %pushi/vec4 0, 0, 1;
    %store/vec4 v000001cf1ae7ba00_0, 0, 1;
    %pushi/vec4 0, 0, 1;
    %store/vec4 v000001cf1ae7baa0_0, 0, 1;
    %delay 10000, 0;
    %pushi/vec4 0, 0, 1;
    %store/vec4 v000001cf1ae7ba00_0, 0, 1;
    %pushi/vec4 1, 0, 1;
    %store/vec4 v000001cf1ae7baa0_0, 0, 1;
    %delay 10000, 0;
    %pushi/vec4 1, 0, 1;
    %store/vec4 v000001cf1ae7ba00_0, 0, 1;
    %pushi/vec4 0, 0, 1;
    %store/vec4 v000001cf1ae7baa0_0, 0, 1;
    %delay 10000, 0;
    %pushi/vec4 1, 0, 1;
    %store/vec4 v000001cf1ae7ba00_0, 0, 1;
    %pushi/vec4 1, 0, 1;
    %store/vec4 v000001cf1ae7baa0_0, 0, 1;
    %delay 10000, 0;
    %vpi_call/w 3 23 "$finish" {0 0 0};
    %end;
    .thread T_0;
# The file index is used to find the file name in the following table.
:file_names 5;
    "N/A";
    "<interactive>";
    "-";
    "tb_and_gate.sv";
    "and_gate.sv";
